<?xml version="1.0" encoding="UTF-8"?>
<!-- Generated by org.testng.reporters.JUnitXMLReporter -->
<testsuite ignored="0" hostname="4XF6B53" failures="0" tests="5" name="Command line test" time="0.024" errors="0" timestamp="2021-08-03T16:41:32 IST">
  <testcase classname="com.zemoso.tests.SeleniumAmazonTest" name="@BeforeSuite beforeSuite" time="0.32">
    <failure type="java.lang.NoClassDefFoundError" message="javax/xml/bind/DatatypeConverter">
      <![CDATA[java.lang.NoClassDefFoundError: javax/xml/bind/DatatypeConverter
at com.codepine.api.testrail.Request.execute(Request.java:114)
at config.TestRailConfig.initialize(TestRailConfig.java:21)
at config.InitialConfig.<init>(InitialConfig.java:29)
at com.zemoso.tests.SeleniumAmazonTest.beforeSuite(SeleniumAmazonTest.java:25)
Caused by: java.lang.ClassNotFoundException: javax.xml.bind.DatatypeConverter
at java.base/jdk.internal.loader.BuiltinClassLoader.loadClass(BuiltinClassLoader.java:581)
at java.base/jdk.internal.loader.ClassLoaders$AppClassLoader.loadClass(ClassLoaders.java:178)
at java.base/java.lang.ClassLoader.loadClass(ClassLoader.java:522)
... 33 more
... Removed 29 stack frames]]>
    </failure>
  </testcase> <!-- @BeforeSuite beforeSuite -->
  <testcase classname="com.zemoso.tests.YourOrdersTest" name="tc005_showLastYearOrders" time="0.0">
    <skipped/>
  </testcase> <!-- tc005_showLastYearOrders -->
  <testcase classname="com.zemoso.tests.AddressAdditionTest" name="tc005_addAndVerifyAddress" time="0.0">
    <skipped/>
  </testcase> <!-- tc005_addAndVerifyAddress -->
  <testcase classname="com.zemoso.tests.SeleniumAmazonTest" name="tc001_testAddingItemToCart" time="0.0">
    <skipped/>
  </testcase> <!-- tc001_testAddingItemToCart -->
  <testcase classname="com.zemoso.tests.SeleniumAmazonTest" name="tc002_searchForMobilesAndAddLastToCart" time="0.0">
    <skipped/>
  </testcase> <!-- tc002_searchForMobilesAndAddLastToCart -->
  <testcase classname="com.zemoso.tests.AddNewPaymentTest" name="tc0006_addAPaymentMethod" time="0.0">
    <skipped/>
  </testcase> <!-- tc0006_addAPaymentMethod -->
</testsuite> <!-- Command line test -->
