<!DOCTYPE html PUBLIC "-//W3C//DTD XHTML 1.1//EN" "https://www.w3.org/TR/xhtml11/DTD/xhtml11.dtd">
<html xmlns="https://www.w3.org/1999/xhtml">
<head>
<meta http-equiv="content-type" content="text/html; charset=UTF-8"/>
<title>TestNG Report</title>
<style type="text/css">table {margin-bottom:10px;border-collapse:collapse;empty-cells:show}th,td {border:1px solid #009;padding:.25em .5em}th {vertical-align:bottom}td {vertical-align:top}table a {font-weight:bold}.stripe td {background-color: #E6EBF9}.num {text-align:right}.passedodd td {background-color: #3F3}.passedeven td {background-color: #0A0}.skippedodd td {background-color: #DDD}.skippedeven td {background-color: #CCC}.failedodd td,.attn {background-color: #F33}.failedeven td,.stripe .attn {background-color: #D00}.stacktrace {white-space:pre;font-family:monospace}.totop {font-size:85%;text-align:center;border-bottom:2px solid #000}.invisible {display:none}</style>
</head>
<body>
<table>
<tr><th>Test</th><th># Passed</th><th># Skipped</th><th># Retried</th><th># Failed</th><th>Time (ms)</th><th>Included Groups</th><th>Excluded Groups</th></tr>
<tr><th colspan="8">Command line suite</th></tr>
<tr><td><a href="#t0">Command line test</a></td><td class="num">0</td><td class="num attn">5</td><td class="num">0</td><td class="num">0</td><td class="num">24</td><td></td><td></td></tr>
</table>
<table id='summary'><thead><tr><th>Class</th><th>Method</th><th>Start</th><th>Time (ms)</th></tr></thead><tbody><tr><th colspan="4">Command line suite</th></tr></tbody><tbody id="t0"><tr><th colspan="4">Command line test &#8212; failed (configuration methods)</th></tr><tr class="failedeven"><td rowspan="1">com.zemoso.tests.SeleniumAmazonTest</td><td><a href="#m0">beforeSuite</a></td><td rowspan="1">1627989092323</td><td rowspan="1">320</td></tr><tr><th colspan="4">Command line test &#8212; skipped (configuration methods)</th></tr><tr class="skippedeven"><td rowspan="1">com.zemoso.tests.SeleniumAmazonTest</td><td><a href="#m1">suiteTeardown</a></td><td rowspan="1">1627989092700</td><td rowspan="1">-1627989092700</td></tr><tr><th colspan="4">Command line test &#8212; skipped</th></tr><tr class="skippedeven"><td rowspan="1">com.zemoso.tests.AddNewPaymentTest</td><td><a href="#m2">tc0006_addAPaymentMethod</a></td><td rowspan="1">1627989092670</td><td rowspan="1">0</td></tr><tr class="skippedodd"><td rowspan="1">com.zemoso.tests.AddressAdditionTest</td><td><a href="#m3">tc005_addAndVerifyAddress</a></td><td rowspan="1">1627989092669</td><td rowspan="1">0</td></tr><tr class="skippedeven"><td rowspan="2">com.zemoso.tests.SeleniumAmazonTest</td><td><a href="#m4">tc001_testAddingItemToCart</a></td><td rowspan="1">1627989092669</td><td rowspan="1">0</td></tr><tr class="skippedeven"><td><a href="#m5">tc002_searchForMobilesAndAddLastToCart</a></td><td rowspan="1">1627989092669</td><td rowspan="1">0</td></tr><tr class="skippedodd"><td rowspan="1">com.zemoso.tests.YourOrdersTest</td><td><a href="#m6">tc005_showLastYearOrders</a></td><td rowspan="1">1627989092666</td><td rowspan="1">0</td></tr></tbody>
</table>
<h2>Command line test</h2><h3 id="m0">com.zemoso.tests.SeleniumAmazonTest#beforeSuite</h3><table class="result"><tr><th>Exception</th></tr><tr><td><div class="stacktrace">java.lang.NoClassDefFoundError: javax/xml/bind/DatatypeConverter
	at com.codepine.api.testrail.Request.execute(Request.java:114)
	at config.TestRailConfig.initialize(TestRailConfig.java:21)
	at config.InitialConfig.&lt;init&gt;(InitialConfig.java:29)
	at com.zemoso.tests.SeleniumAmazonTest.beforeSuite(SeleniumAmazonTest.java:25)
Caused by: java.lang.ClassNotFoundException: javax.xml.bind.DatatypeConverter
	at java.base/jdk.internal.loader.BuiltinClassLoader.loadClass(BuiltinClassLoader.java:581)
	at java.base/jdk.internal.loader.ClassLoaders$AppClassLoader.loadClass(ClassLoaders.java:178)
	at java.base/java.lang.ClassLoader.loadClass(ClassLoader.java:522)
	... 33 more
... Removed 29 stack frames</div></td></tr></table><p class="totop"><a href="#summary">back to summary</a></p>
<h3 id="m1">com.zemoso.tests.SeleniumAmazonTest#suiteTeardown</h3><table class="result"><tr><th class="invisible"/></tr></table><p class="totop"><a href="#summary">back to summary</a></p>
<h3 id="m2">com.zemoso.tests.AddNewPaymentTest#tc0006_addAPaymentMethod</h3><table class="result"><tr><th>Exception</th></tr><tr><td><div class="stacktrace">java.lang.NoClassDefFoundError: javax/xml/bind/DatatypeConverter
	at com.codepine.api.testrail.Request.execute(Request.java:114)
	at config.TestRailConfig.initialize(TestRailConfig.java:21)
	at config.InitialConfig.&lt;init&gt;(InitialConfig.java:29)
	at com.zemoso.tests.SeleniumAmazonTest.beforeSuite(SeleniumAmazonTest.java:25)
Caused by: java.lang.ClassNotFoundException: javax.xml.bind.DatatypeConverter
	at java.base/jdk.internal.loader.BuiltinClassLoader.loadClass(BuiltinClassLoader.java:581)
	at java.base/jdk.internal.loader.ClassLoaders$AppClassLoader.loadClass(ClassLoaders.java:178)
	at java.base/java.lang.ClassLoader.loadClass(ClassLoader.java:522)
	... 33 more
... Removed 29 stack frames</div></td></tr></table><p class="totop"><a href="#summary">back to summary</a></p>
<h3 id="m3">com.zemoso.tests.AddressAdditionTest#tc005_addAndVerifyAddress</h3><table class="result"><tr><th>Exception</th></tr><tr><td><div class="stacktrace">java.lang.NoClassDefFoundError: javax/xml/bind/DatatypeConverter
	at com.codepine.api.testrail.Request.execute(Request.java:114)
	at config.TestRailConfig.initialize(TestRailConfig.java:21)
	at config.InitialConfig.&lt;init&gt;(InitialConfig.java:29)
	at com.zemoso.tests.SeleniumAmazonTest.beforeSuite(SeleniumAmazonTest.java:25)
Caused by: java.lang.ClassNotFoundException: javax.xml.bind.DatatypeConverter
	at java.base/jdk.internal.loader.BuiltinClassLoader.loadClass(BuiltinClassLoader.java:581)
	at java.base/jdk.internal.loader.ClassLoaders$AppClassLoader.loadClass(ClassLoaders.java:178)
	at java.base/java.lang.ClassLoader.loadClass(ClassLoader.java:522)
	... 33 more
... Removed 29 stack frames</div></td></tr></table><p class="totop"><a href="#summary">back to summary</a></p>
<h3 id="m4">com.zemoso.tests.SeleniumAmazonTest#tc001_testAddingItemToCart</h3><table class="result"><tr><th>Exception</th></tr><tr><td><div class="stacktrace">java.lang.NoClassDefFoundError: javax/xml/bind/DatatypeConverter
	at com.codepine.api.testrail.Request.execute(Request.java:114)
	at config.TestRailConfig.initialize(TestRailConfig.java:21)
	at config.InitialConfig.&lt;init&gt;(InitialConfig.java:29)
	at com.zemoso.tests.SeleniumAmazonTest.beforeSuite(SeleniumAmazonTest.java:25)
Caused by: java.lang.ClassNotFoundException: javax.xml.bind.DatatypeConverter
	at java.base/jdk.internal.loader.BuiltinClassLoader.loadClass(BuiltinClassLoader.java:581)
	at java.base/jdk.internal.loader.ClassLoaders$AppClassLoader.loadClass(ClassLoaders.java:178)
	at java.base/java.lang.ClassLoader.loadClass(ClassLoader.java:522)
	... 33 more
... Removed 29 stack frames</div></td></tr></table><p class="totop"><a href="#summary">back to summary</a></p>
<h3 id="m5">com.zemoso.tests.SeleniumAmazonTest#tc002_searchForMobilesAndAddLastToCart</h3><table class="result"><tr><th>Exception</th></tr><tr><td><div class="stacktrace">java.lang.NoClassDefFoundError: javax/xml/bind/DatatypeConverter
	at com.codepine.api.testrail.Request.execute(Request.java:114)
	at config.TestRailConfig.initialize(TestRailConfig.java:21)
	at config.InitialConfig.&lt;init&gt;(InitialConfig.java:29)
	at com.zemoso.tests.SeleniumAmazonTest.beforeSuite(SeleniumAmazonTest.java:25)
Caused by: java.lang.ClassNotFoundException: javax.xml.bind.DatatypeConverter
	at java.base/jdk.internal.loader.BuiltinClassLoader.loadClass(BuiltinClassLoader.java:581)
	at java.base/jdk.internal.loader.ClassLoaders$AppClassLoader.loadClass(ClassLoaders.java:178)
	at java.base/java.lang.ClassLoader.loadClass(ClassLoader.java:522)
	... 33 more
... Removed 29 stack frames</div></td></tr></table><p class="totop"><a href="#summary">back to summary</a></p>
<h3 id="m6">com.zemoso.tests.YourOrdersTest#tc005_showLastYearOrders</h3><table class="result"><tr><th>Exception</th></tr><tr><td><div class="stacktrace">java.lang.NoClassDefFoundError: javax/xml/bind/DatatypeConverter
	at com.codepine.api.testrail.Request.execute(Request.java:114)
	at config.TestRailConfig.initialize(TestRailConfig.java:21)
	at config.InitialConfig.&lt;init&gt;(InitialConfig.java:29)
	at com.zemoso.tests.SeleniumAmazonTest.beforeSuite(SeleniumAmazonTest.java:25)
Caused by: java.lang.ClassNotFoundException: javax.xml.bind.DatatypeConverter
	at java.base/jdk.internal.loader.BuiltinClassLoader.loadClass(BuiltinClassLoader.java:581)
	at java.base/jdk.internal.loader.ClassLoaders$AppClassLoader.loadClass(ClassLoaders.java:178)
	at java.base/java.lang.ClassLoader.loadClass(ClassLoader.java:522)
	... 33 more
... Removed 29 stack frames</div></td></tr></table><p class="totop"><a href="#summary">back to summary</a></p>
</body>
</html>
